<?xml version="1.0" encoding="UTF-8"?>
<testng-results skipped="0" failed="0" ignored="0" total="0" passed="0">
  <reporter-output>
  </reporter-output>
  <suite name="runners.TestRunner" duration-ms="10" started-at="2022-05-15T22:53:59 EET" finished-at="2022-05-15T22:53:59 EET">
    <groups>
    </groups>
    <test name="Command line test" duration-ms="10" started-at="2022-05-15T22:53:59 EET" finished-at="2022-05-15T22:53:59 EET">
    </test> <!-- Command line test -->
  </suite> <!-- runners.TestRunner -->
</testng-results>
